[1.259s] Invoking command in '/home/arthurficial-intelligence/arthur_mecanum_ws/src/pid_tuner': DEBUGINFOD_URLS=https://debuginfod.ubuntu.com PYTHONPATH=/home/arthurficial-intelligence/arthur_mecanum_ws/build/pid_tuner/prefix_override:/usr/lib/python3/dist-packages/colcon_core/task/python/colcon_distutils_commands:/home/arthurficial-intelligence/arthur_mecanum_ws/install/pid_tuner/lib/python3.12/site-packages:${PYTHONPATH} /usr/bin/python3 -W ignore:setup.py install is deprecated -W ignore:easy_install command is deprecated setup.py egg_info --egg-base ../../build/pid_tuner build --build-base /home/arthurficial-intelligence/arthur_mecanum_ws/build/pid_tuner/build install --record /home/arthurficial-intelligence/arthur_mecanum_ws/build/pid_tuner/install.log --single-version-externally-managed install_data
[1.625s] running egg_info
[1.650s] writing ../../build/pid_tuner/pid_tuner.egg-info/PKG-INFO
[1.650s] writing dependency_links to ../../build/pid_tuner/pid_tuner.egg-info/dependency_links.txt
[1.651s] writing entry points to ../../build/pid_tuner/pid_tuner.egg-info/entry_points.txt
[1.651s] writing requirements to ../../build/pid_tuner/pid_tuner.egg-info/requires.txt
[1.652s] writing top-level names to ../../build/pid_tuner/pid_tuner.egg-info/top_level.txt
[1.706s] reading manifest file '../../build/pid_tuner/pid_tuner.egg-info/SOURCES.txt'
[1.707s] writing manifest file '../../build/pid_tuner/pid_tuner.egg-info/SOURCES.txt'
[1.707s] running build
[1.707s] running build_py
[1.707s] copying pid_tuner/tuner_keyboard.py -> /home/arthurficial-intelligence/arthur_mecanum_ws/build/pid_tuner/build/lib/pid_tuner
[1.708s] running install
[1.717s] running install_lib
[1.743s] copying /home/arthurficial-intelligence/arthur_mecanum_ws/build/pid_tuner/build/lib/pid_tuner/tuner_keyboard.py -> /home/arthurficial-intelligence/arthur_mecanum_ws/install/pid_tuner/lib/python3.12/site-packages/pid_tuner
[1.744s] byte-compiling /home/arthurficial-intelligence/arthur_mecanum_ws/install/pid_tuner/lib/python3.12/site-packages/pid_tuner/tuner_keyboard.py to tuner_keyboard.cpython-312.pyc
[1.747s] running install_data
[1.747s] running install_egg_info
[1.774s] removing '/home/arthurficial-intelligence/arthur_mecanum_ws/install/pid_tuner/lib/python3.12/site-packages/pid_tuner-1.0.0-py3.12.egg-info' (and everything under it)
[1.775s] Copying ../../build/pid_tuner/pid_tuner.egg-info to /home/arthurficial-intelligence/arthur_mecanum_ws/install/pid_tuner/lib/python3.12/site-packages/pid_tuner-1.0.0-py3.12.egg-info
[1.776s] running install_scripts
[1.955s] Installing tune script to /home/arthurficial-intelligence/arthur_mecanum_ws/install/pid_tuner/lib/pid_tuner
[1.955s] Installing tune_kb script to /home/arthurficial-intelligence/arthur_mecanum_ws/install/pid_tuner/lib/pid_tuner
[1.957s] writing list of installed files to '/home/arthurficial-intelligence/arthur_mecanum_ws/build/pid_tuner/install.log'
[2.035s] Invoked command in '/home/arthurficial-intelligence/arthur_mecanum_ws/src/pid_tuner' returned '0': DEBUGINFOD_URLS=https://debuginfod.ubuntu.com PYTHONPATH=/home/arthurficial-intelligence/arthur_mecanum_ws/build/pid_tuner/prefix_override:/usr/lib/python3/dist-packages/colcon_core/task/python/colcon_distutils_commands:/home/arthurficial-intelligence/arthur_mecanum_ws/install/pid_tuner/lib/python3.12/site-packages:${PYTHONPATH} /usr/bin/python3 -W ignore:setup.py install is deprecated -W ignore:easy_install command is deprecated setup.py egg_info --egg-base ../../build/pid_tuner build --build-base /home/arthurficial-intelligence/arthur_mecanum_ws/build/pid_tuner/build install --record /home/arthurficial-intelligence/arthur_mecanum_ws/build/pid_tuner/install.log --single-version-externally-managed install_data
