running egg_info
writing ../../build/pid_tuner/pid_tuner.egg-info/PKG-INFO
writing dependency_links to ../../build/pid_tuner/pid_tuner.egg-info/dependency_links.txt
writing entry points to ../../build/pid_tuner/pid_tuner.egg-info/entry_points.txt
writing requirements to ../../build/pid_tuner/pid_tuner.egg-info/requires.txt
writing top-level names to ../../build/pid_tuner/pid_tuner.egg-info/top_level.txt
reading manifest file '../../build/pid_tuner/pid_tuner.egg-info/SOURCES.txt'
writing manifest file '../../build/pid_tuner/pid_tuner.egg-info/SOURCES.txt'
running build
running build_py
copying pid_tuner/tuner_keyboard.py -> /home/arthurficial-intelligence/arthur_mecanum_ws/build/pid_tuner/build/lib/pid_tuner
running install
running install_lib
copying /home/arthurficial-intelligence/arthur_mecanum_ws/build/pid_tuner/build/lib/pid_tuner/tuner_keyboard.py -> /home/arthurficial-intelligence/arthur_mecanum_ws/install/pid_tuner/lib/python3.12/site-packages/pid_tuner
byte-compiling /home/arthurficial-intelligence/arthur_mecanum_ws/install/pid_tuner/lib/python3.12/site-packages/pid_tuner/tuner_keyboard.py to tuner_keyboard.cpython-312.pyc
running install_data
running install_egg_info
removing '/home/arthurficial-intelligence/arthur_mecanum_ws/install/pid_tuner/lib/python3.12/site-packages/pid_tuner-1.0.0-py3.12.egg-info' (and everything under it)
Copying ../../build/pid_tuner/pid_tuner.egg-info to /home/arthurficial-intelligence/arthur_mecanum_ws/install/pid_tuner/lib/python3.12/site-packages/pid_tuner-1.0.0-py3.12.egg-info
running install_scripts
Installing tune script to /home/arthurficial-intelligence/arthur_mecanum_ws/install/pid_tuner/lib/pid_tuner
Installing tune_kb script to /home/arthurficial-intelligence/arthur_mecanum_ws/install/pid_tuner/lib/pid_tuner
writing list of installed files to '/home/arthurficial-intelligence/arthur_mecanum_ws/build/pid_tuner/install.log'
