[1.258s] Invoking command in '/home/arthurficial-intelligence/arthur_mecanum_ws/src/pid_tuner': DEBUGINFOD_URLS=https://debuginfod.ubuntu.com PYTHONPATH=/home/arthurficial-intelligence/arthur_mecanum_ws/build/pid_tuner/prefix_override:/usr/lib/python3/dist-packages/colcon_core/task/python/colcon_distutils_commands:/home/arthurficial-intelligence/arthur_mecanum_ws/install/pid_tuner/lib/python3.12/site-packages:${PYTHONPATH} /usr/bin/python3 -W ignore:setup.py install is deprecated -W ignore:easy_install command is deprecated setup.py egg_info --egg-base ../../build/pid_tuner build --build-base /home/arthurficial-intelligence/arthur_mecanum_ws/build/pid_tuner/build install --record /home/arthurficial-intelligence/arthur_mecanum_ws/build/pid_tuner/install.log --single-version-externally-managed install_data
[1.639s] running egg_info
[1.665s] writing ../../build/pid_tuner/pid_tuner.egg-info/PKG-INFO
[1.665s] writing dependency_links to ../../build/pid_tuner/pid_tuner.egg-info/dependency_links.txt
[1.666s] writing entry points to ../../build/pid_tuner/pid_tuner.egg-info/entry_points.txt
[1.667s] writing requirements to ../../build/pid_tuner/pid_tuner.egg-info/requires.txt
[1.669s] writing top-level names to ../../build/pid_tuner/pid_tuner.egg-info/top_level.txt
[1.725s] reading manifest file '../../build/pid_tuner/pid_tuner.egg-info/SOURCES.txt'
[1.726s] writing manifest file '../../build/pid_tuner/pid_tuner.egg-info/SOURCES.txt'
[1.726s] running build
[1.727s] running build_py
[1.727s] running install
[1.736s] running install_lib
[1.763s] running install_data
[1.764s] running install_egg_info
[1.791s] removing '/home/arthurficial-intelligence/arthur_mecanum_ws/install/pid_tuner/lib/python3.12/site-packages/pid_tuner-1.0.0-py3.12.egg-info' (and everything under it)
[1.792s] Copying ../../build/pid_tuner/pid_tuner.egg-info to /home/arthurficial-intelligence/arthur_mecanum_ws/install/pid_tuner/lib/python3.12/site-packages/pid_tuner-1.0.0-py3.12.egg-info
[1.793s] running install_scripts
[1.980s] Installing tune script to /home/arthurficial-intelligence/arthur_mecanum_ws/install/pid_tuner/lib/pid_tuner
[1.980s] Installing tune_kb script to /home/arthurficial-intelligence/arthur_mecanum_ws/install/pid_tuner/lib/pid_tuner
[1.981s] writing list of installed files to '/home/arthurficial-intelligence/arthur_mecanum_ws/build/pid_tuner/install.log'
[2.062s] Invoked command in '/home/arthurficial-intelligence/arthur_mecanum_ws/src/pid_tuner' returned '0': DEBUGINFOD_URLS=https://debuginfod.ubuntu.com PYTHONPATH=/home/arthurficial-intelligence/arthur_mecanum_ws/build/pid_tuner/prefix_override:/usr/lib/python3/dist-packages/colcon_core/task/python/colcon_distutils_commands:/home/arthurficial-intelligence/arthur_mecanum_ws/install/pid_tuner/lib/python3.12/site-packages:${PYTHONPATH} /usr/bin/python3 -W ignore:setup.py install is deprecated -W ignore:easy_install command is deprecated setup.py egg_info --egg-base ../../build/pid_tuner build --build-base /home/arthurficial-intelligence/arthur_mecanum_ws/build/pid_tuner/build install --record /home/arthurficial-intelligence/arthur_mecanum_ws/build/pid_tuner/install.log --single-version-externally-managed install_data
